2017-03-31 15:09:04,308 - Log4JLogChute initialized using file 'velocity.log'
2017-03-31 15:09:04,309 - Initializing Velocity, Calling init()...
2017-03-31 15:09:04,309 - Starting Apache Velocity v1.7 (compiled: 2010-11-19 12:14:37)
2017-03-31 15:09:04,309 - Default Properties File: org/apache/velocity/runtime/defaults/velocity.properties
2017-03-31 15:09:04,309 - Trying to use logger class org.apache.velocity.runtime.log.AvalonLogChute
2017-03-31 15:09:04,309 - Target log system for org.apache.velocity.runtime.log.AvalonLogChute is not available (java.lang.NoClassDefFoundError: org/apache/log/format/Formatter).  Falling back to next log system...
2017-03-31 15:09:04,309 - Trying to use logger class org.apache.velocity.runtime.log.Log4JLogChute
2017-03-31 15:09:04,309 - Using logger class org.apache.velocity.runtime.log.Log4JLogChute
2017-03-31 15:09:04,316 - ResourceLoader instantiated: org.apache.velocity.runtime.resource.loader.ClasspathResourceLoader
2017-03-31 15:09:04,337 - ResourceCache: initialized (class org.apache.velocity.runtime.resource.ResourceCacheImpl) with class java.util.Collections$SynchronizedMap cache map.
2017-03-31 15:09:04,339 - Loaded System Directive: org.apache.velocity.runtime.directive.Stop
2017-03-31 15:09:04,340 - Loaded System Directive: org.apache.velocity.runtime.directive.Define
2017-03-31 15:09:04,341 - Loaded System Directive: org.apache.velocity.runtime.directive.Break
2017-03-31 15:09:04,343 - Loaded System Directive: org.apache.velocity.runtime.directive.Evaluate
2017-03-31 15:09:04,343 - Loaded System Directive: org.apache.velocity.runtime.directive.Literal
2017-03-31 15:09:04,345 - Loaded System Directive: org.apache.velocity.runtime.directive.Macro
2017-03-31 15:09:04,351 - Loaded System Directive: org.apache.velocity.runtime.directive.Parse
2017-03-31 15:09:04,353 - Loaded System Directive: org.apache.velocity.runtime.directive.Include
2017-03-31 15:09:04,354 - Loaded System Directive: org.apache.velocity.runtime.directive.Foreach
2017-03-31 15:09:04,391 - Created '20' parsers.
2017-03-31 15:09:04,399 - Velocimacro : "velocimacro.library" is not set.  Trying default library: VM_global_library.vm
2017-03-31 15:09:04,400 - Could not load resource 'VM_global_library.vm' from ResourceLoader org.apache.velocity.runtime.resource.loader.ClasspathResourceLoader: ClasspathResourceLoader Error: cannot find resource VM_global_library.vm
2017-03-31 15:09:04,400 - Velocimacro : Default library not found.
2017-03-31 15:09:04,400 - Velocimacro : allowInline = true : VMs can be defined inline in templates
2017-03-31 15:09:04,400 - Velocimacro : allowInlineToOverride = false : VMs defined inline may NOT replace previous VM definitions
2017-03-31 15:09:04,400 - Velocimacro : allowInlineLocal = false : VMs defined inline will be global in scope if allowed.
2017-03-31 15:09:04,400 - Velocimacro : autoload off : VM system will not automatically reload global library macros
2017-03-31 15:09:05,107 - Velocimacro : added VM initUpperCase: source=tpl/com/topnews/business/api/vo/vo.vm
2017-03-31 15:09:05,108 - ResourceManager : found tpl/com/topnews/business/api/vo/vo.vm with loader org.apache.velocity.runtime.resource.loader.ClasspathResourceLoader
2017-03-31 15:09:05,134 - Velocimacro : added VM toLowerCase: source=tpl/com/topnews/business/api/service/iservice.vm
2017-03-31 15:09:05,134 - ResourceManager : found tpl/com/topnews/business/api/service/iservice.vm with loader org.apache.velocity.runtime.resource.loader.ClasspathResourceLoader
2017-03-31 15:09:05,140 - Velocimacro : VM addition rejected : toLowerCase : inline not allowed to replace existing VM
2017-03-31 15:09:05,141 - ResourceManager : found tpl/com/topnews/business/impl/serviceImpl.vm with loader org.apache.velocity.runtime.resource.loader.ClasspathResourceLoader
2017-03-31 15:09:05,145 - Velocimacro : VM addition rejected : initUpperCase : inline not allowed to replace existing VM
2017-03-31 15:09:05,148 - ResourceManager : found tpl/com/topnews/dao/po/po.vm with loader org.apache.velocity.runtime.resource.loader.ClasspathResourceLoader
2017-03-31 15:09:05,153 - Velocimacro : VM addition rejected : toLowerCase : inline not allowed to replace existing VM
2017-03-31 15:09:05,154 - ResourceManager : found tpl/com/topnews/dao/mapper/mapper.vm with loader org.apache.velocity.runtime.resource.loader.ClasspathResourceLoader
2017-03-31 15:09:05,162 - Velocimacro : added VM paramsWithNoType: source=tpl/com/topnews/dao/mybatis/mybatis.vm
2017-03-31 15:09:05,163 - ResourceManager : found tpl/com/topnews/dao/mybatis/mybatis.vm with loader org.apache.velocity.runtime.resource.loader.ClasspathResourceLoader
2017-03-31 15:09:05,168 - Velocimacro : VM addition rejected : toLowerCase : inline not allowed to replace existing VM
2017-03-31 15:09:05,168 - ResourceManager : found tpl/com/topnews/core/api/iservice.vm with loader org.apache.velocity.runtime.resource.loader.ClasspathResourceLoader
2017-03-31 15:09:05,171 - Velocimacro : VM addition rejected : toLowerCase : inline not allowed to replace existing VM
2017-03-31 15:09:05,171 - ResourceManager : found tpl/com/topnews/core/impl/serviceImpl.vm with loader org.apache.velocity.runtime.resource.loader.ClasspathResourceLoader
2017-03-31 15:09:05,177 - Velocimacro : VM addition rejected : toLowerCase : inline not allowed to replace existing VM
2017-03-31 15:09:05,177 - Velocimacro : VM addition rejected : initUpperCase : inline not allowed to replace existing VM
2017-03-31 15:09:05,178 - Velocimacro : added VM paramsWithType: source=tpl/com/topnews/mvc/controller.vm
2017-03-31 15:09:05,178 - Velocimacro : VM addition rejected : paramsWithNoType : inline not allowed to replace existing VM
2017-03-31 15:09:05,179 - ResourceManager : found tpl/com/topnews/mvc/controller.vm with loader org.apache.velocity.runtime.resource.loader.ClasspathResourceLoader
2017-03-31 15:09:05,187 - Velocimacro : VM addition rejected : initUpperCase : inline not allowed to replace existing VM
2017-03-31 15:09:05,188 - ResourceManager : found tpl/com/topnews/business/api/vo/vo.vm with loader org.apache.velocity.runtime.resource.loader.ClasspathResourceLoader
2017-03-31 15:09:05,191 - Velocimacro : VM addition rejected : toLowerCase : inline not allowed to replace existing VM
2017-03-31 15:09:05,191 - ResourceManager : found tpl/com/topnews/business/api/service/iservice.vm with loader org.apache.velocity.runtime.resource.loader.ClasspathResourceLoader
2017-03-31 15:09:05,194 - Velocimacro : VM addition rejected : toLowerCase : inline not allowed to replace existing VM
2017-03-31 15:09:05,194 - ResourceManager : found tpl/com/topnews/business/impl/serviceImpl.vm with loader org.apache.velocity.runtime.resource.loader.ClasspathResourceLoader
2017-03-31 15:09:05,197 - Velocimacro : VM addition rejected : initUpperCase : inline not allowed to replace existing VM
2017-03-31 15:09:05,197 - ResourceManager : found tpl/com/topnews/dao/po/po.vm with loader org.apache.velocity.runtime.resource.loader.ClasspathResourceLoader
2017-03-31 15:09:05,200 - Velocimacro : VM addition rejected : toLowerCase : inline not allowed to replace existing VM
2017-03-31 15:09:05,200 - ResourceManager : found tpl/com/topnews/dao/mapper/mapper.vm with loader org.apache.velocity.runtime.resource.loader.ClasspathResourceLoader
2017-03-31 15:09:05,205 - Velocimacro : VM addition rejected : paramsWithNoType : inline not allowed to replace existing VM
2017-03-31 15:09:05,206 - ResourceManager : found tpl/com/topnews/dao/mybatis/mybatis.vm with loader org.apache.velocity.runtime.resource.loader.ClasspathResourceLoader
2017-03-31 15:09:05,209 - Velocimacro : VM addition rejected : toLowerCase : inline not allowed to replace existing VM
2017-03-31 15:09:05,209 - ResourceManager : found tpl/com/topnews/core/api/iservice.vm with loader org.apache.velocity.runtime.resource.loader.ClasspathResourceLoader
2017-03-31 15:09:05,213 - Velocimacro : VM addition rejected : toLowerCase : inline not allowed to replace existing VM
2017-03-31 15:09:05,213 - ResourceManager : found tpl/com/topnews/core/impl/serviceImpl.vm with loader org.apache.velocity.runtime.resource.loader.ClasspathResourceLoader
2017-03-31 15:09:05,217 - Velocimacro : VM addition rejected : toLowerCase : inline not allowed to replace existing VM
2017-03-31 15:09:05,217 - Velocimacro : VM addition rejected : initUpperCase : inline not allowed to replace existing VM
2017-03-31 15:09:05,217 - Velocimacro : VM addition rejected : paramsWithType : inline not allowed to replace existing VM
2017-03-31 15:09:05,217 - Velocimacro : VM addition rejected : paramsWithNoType : inline not allowed to replace existing VM
2017-03-31 15:09:05,218 - ResourceManager : found tpl/com/topnews/mvc/controller.vm with loader org.apache.velocity.runtime.resource.loader.ClasspathResourceLoader
2017-03-31 15:09:05,223 - Velocimacro : VM addition rejected : initUpperCase : inline not allowed to replace existing VM
2017-03-31 15:09:05,223 - ResourceManager : found tpl/com/topnews/business/api/vo/vo.vm with loader org.apache.velocity.runtime.resource.loader.ClasspathResourceLoader
2017-03-31 15:09:05,226 - Velocimacro : VM addition rejected : toLowerCase : inline not allowed to replace existing VM
2017-03-31 15:09:05,226 - ResourceManager : found tpl/com/topnews/business/api/service/iservice.vm with loader org.apache.velocity.runtime.resource.loader.ClasspathResourceLoader
2017-03-31 15:09:05,228 - Velocimacro : VM addition rejected : toLowerCase : inline not allowed to replace existing VM
2017-03-31 15:09:05,229 - ResourceManager : found tpl/com/topnews/business/impl/serviceImpl.vm with loader org.apache.velocity.runtime.resource.loader.ClasspathResourceLoader
2017-03-31 15:09:05,231 - Velocimacro : VM addition rejected : initUpperCase : inline not allowed to replace existing VM
2017-03-31 15:09:05,231 - ResourceManager : found tpl/com/topnews/dao/po/po.vm with loader org.apache.velocity.runtime.resource.loader.ClasspathResourceLoader
2017-03-31 15:09:05,233 - Velocimacro : VM addition rejected : toLowerCase : inline not allowed to replace existing VM
2017-03-31 15:09:05,233 - ResourceManager : found tpl/com/topnews/dao/mapper/mapper.vm with loader org.apache.velocity.runtime.resource.loader.ClasspathResourceLoader
2017-03-31 15:09:05,236 - Velocimacro : VM addition rejected : paramsWithNoType : inline not allowed to replace existing VM
2017-03-31 15:09:05,236 - ResourceManager : found tpl/com/topnews/dao/mybatis/mybatis.vm with loader org.apache.velocity.runtime.resource.loader.ClasspathResourceLoader
2017-03-31 15:09:05,240 - Velocimacro : VM addition rejected : toLowerCase : inline not allowed to replace existing VM
2017-03-31 15:09:05,240 - ResourceManager : found tpl/com/topnews/core/api/iservice.vm with loader org.apache.velocity.runtime.resource.loader.ClasspathResourceLoader
2017-03-31 15:09:05,241 - Velocimacro : VM addition rejected : toLowerCase : inline not allowed to replace existing VM
2017-03-31 15:09:05,242 - ResourceManager : found tpl/com/topnews/core/impl/serviceImpl.vm with loader org.apache.velocity.runtime.resource.loader.ClasspathResourceLoader
2017-03-31 15:09:05,247 - Velocimacro : VM addition rejected : toLowerCase : inline not allowed to replace existing VM
2017-03-31 15:09:05,247 - Velocimacro : VM addition rejected : initUpperCase : inline not allowed to replace existing VM
2017-03-31 15:09:05,248 - Velocimacro : VM addition rejected : paramsWithType : inline not allowed to replace existing VM
2017-03-31 15:09:05,248 - Velocimacro : VM addition rejected : paramsWithNoType : inline not allowed to replace existing VM
2017-03-31 15:09:05,248 - ResourceManager : found tpl/com/topnews/mvc/controller.vm with loader org.apache.velocity.runtime.resource.loader.ClasspathResourceLoader
2017-03-31 15:09:05,252 - Velocimacro : VM addition rejected : initUpperCase : inline not allowed to replace existing VM
2017-03-31 15:09:05,253 - ResourceManager : found tpl/com/topnews/business/api/vo/vo.vm with loader org.apache.velocity.runtime.resource.loader.ClasspathResourceLoader
2017-03-31 15:09:05,255 - Velocimacro : VM addition rejected : toLowerCase : inline not allowed to replace existing VM
2017-03-31 15:09:05,255 - ResourceManager : found tpl/com/topnews/business/api/service/iservice.vm with loader org.apache.velocity.runtime.resource.loader.ClasspathResourceLoader
2017-03-31 15:09:05,258 - Velocimacro : VM addition rejected : toLowerCase : inline not allowed to replace existing VM
2017-03-31 15:09:05,258 - ResourceManager : found tpl/com/topnews/business/impl/serviceImpl.vm with loader org.apache.velocity.runtime.resource.loader.ClasspathResourceLoader
2017-03-31 15:09:05,260 - Velocimacro : VM addition rejected : initUpperCase : inline not allowed to replace existing VM
2017-03-31 15:09:05,261 - ResourceManager : found tpl/com/topnews/dao/po/po.vm with loader org.apache.velocity.runtime.resource.loader.ClasspathResourceLoader
2017-03-31 15:09:05,265 - Velocimacro : VM addition rejected : toLowerCase : inline not allowed to replace existing VM
2017-03-31 15:09:05,266 - ResourceManager : found tpl/com/topnews/dao/mapper/mapper.vm with loader org.apache.velocity.runtime.resource.loader.ClasspathResourceLoader
2017-03-31 15:09:05,273 - Velocimacro : VM addition rejected : paramsWithNoType : inline not allowed to replace existing VM
2017-03-31 15:09:05,274 - ResourceManager : found tpl/com/topnews/dao/mybatis/mybatis.vm with loader org.apache.velocity.runtime.resource.loader.ClasspathResourceLoader
2017-03-31 15:09:05,277 - Velocimacro : VM addition rejected : toLowerCase : inline not allowed to replace existing VM
2017-03-31 15:09:05,277 - ResourceManager : found tpl/com/topnews/core/api/iservice.vm with loader org.apache.velocity.runtime.resource.loader.ClasspathResourceLoader
2017-03-31 15:09:05,283 - Velocimacro : VM addition rejected : toLowerCase : inline not allowed to replace existing VM
2017-03-31 15:09:05,283 - ResourceManager : found tpl/com/topnews/core/impl/serviceImpl.vm with loader org.apache.velocity.runtime.resource.loader.ClasspathResourceLoader
2017-03-31 15:09:05,291 - Velocimacro : VM addition rejected : toLowerCase : inline not allowed to replace existing VM
2017-03-31 15:09:05,292 - Velocimacro : VM addition rejected : initUpperCase : inline not allowed to replace existing VM
2017-03-31 15:09:05,292 - Velocimacro : VM addition rejected : paramsWithType : inline not allowed to replace existing VM
2017-03-31 15:09:05,292 - Velocimacro : VM addition rejected : paramsWithNoType : inline not allowed to replace existing VM
2017-03-31 15:09:05,292 - ResourceManager : found tpl/com/topnews/mvc/controller.vm with loader org.apache.velocity.runtime.resource.loader.ClasspathResourceLoader
